<?xml version="1.0" encoding="UTF-8"?>
<!-- Generated by org.testng.reporters.JUnitReportReporter -->
<testsuite hostname="IDC-J4KLFB3" failures="0" tests="1" name="testCases.ReportGeneration_DataDriven" time="260.490" errors="0" timestamp="2021-10-21T09:56:58 EDT" skipped="0">
  <testcase classname="testCases.ReportGeneration_DataDriven" name="genericLGFucntion" time="260.490"/>
  <system-out/>
</testsuite> <!-- testCases.ReportGeneration_DataDriven -->
